Wed Apr 23 18:13:53 UTC 2025
Thu Apr 24 13:36:20 UTC 2025
Fri Apr 25 13:18:40 UTC 2025
Sat Apr 26 13:03:42 UTC 2025
Sun Apr 27 13:04:19 UTC 2025
Mon Apr 28 13:49:53 UTC 2025
Tue Apr 29 13:44:13 UTC 2025
Wed Apr 30 13:19:16 UTC 2025
Thu May  1 13:17:29 UTC 2025
Fri May  2 13:18:41 UTC 2025
Sat May  3 13:04:57 UTC 2025
Sun May  4 13:13:37 UTC 2025
Mon May  5 13:36:02 UTC 2025
Tue May  6 13:38:53 UTC 2025
Wed May  7 13:42:09 UTC 2025
Thu May  8 13:35:06 UTC 2025
Fri May  9 13:34:46 UTC 2025
Sat May 10 13:05:04 UTC 2025
Sun May 11 13:05:35 UTC 2025
Mon May 12 13:40:54 UTC 2025
Tue May 13 13:42:47 UTC 2025
Wed May 14 13:37:34 UTC 2025
